

Started GET "/" for 127.0.0.1 at 2014-12-10 14:30:15 -0500
Connecting to database specified by database.yml
Processing by HomeController#index as HTML
  Rendered home/index.html.erb within layouts/application (1.3ms)
Warning. Error encountered while saving cache /Users/annamenaged/Documents/blog/tmp/cache/sass/36a5e0a966efa8953414fffccac422020aca3542/home.css.scssc: can't dump anonymous class #<Class:0x007ffd7aebebf8>

Compiled home.css  (4ms)  (pid 5661)
Compiled application.css  (9ms)  (pid 5661)
Compiled jquery.js  (44ms)  (pid 5661)
Compiled jquery_ujs.js  (0ms)  (pid 5661)
Compiled home.js  (131ms)  (pid 5661)
Compiled application.js  (194ms)  (pid 5661)
Completed 200 OK in 279.1ms (Views: 278.6ms | ActiveRecord: 0.0ms)


Started GET "/assets/jquery_ujs.js?body=1" for 127.0.0.1 at 2014-12-10 14:30:16 -0500
Served asset /jquery_ujs.js - 200 OK (11ms)


Started GET "/assets/home.css?body=1" for 127.0.0.1 at 2014-12-10 14:30:16 -0500
Served asset /home.css - 200 OK (1ms)


Started GET "/assets/application.js?body=1" for 127.0.0.1 at 2014-12-10 14:30:16 -0500
Served asset /application.js - 200 OK (31ms)


Started GET "/assets/jquery.js?body=1" for 127.0.0.1 at 2014-12-10 14:30:16 -0500
Served asset /jquery.js - 200 OK (2ms)


Started GET "/assets/home.js?body=1" for 127.0.0.1 at 2014-12-10 14:30:16 -0500
Served asset /home.js - 200 OK (1ms)


Started GET "/assets/application.css?body=1" for 127.0.0.1 at 2014-12-10 14:30:16 -0500
Served asset /application.css - 200 OK (1ms)
Connecting to database specified by database.yml
Connecting to database specified by database.yml
  [1m[36m (0.5ms)[0m  [1mselect sqlite_version(*)[0m
  [1m[35m (1.2ms)[0m  CREATE TABLE "schema_migrations" ("version" varchar(255) NOT NULL) 
  [1m[36m (1.0ms)[0m  [1mCREATE UNIQUE INDEX "unique_schema_migrations" ON "schema_migrations" ("version")[0m
  [1m[35m (0.1ms)[0m  SELECT "schema_migrations"."version" FROM "schema_migrations" 
Migrating to CreatePosts (20141210193300)
  [1m[36m (0.0ms)[0m  [1mbegin transaction[0m
  [1m[35m (0.4ms)[0m  CREATE TABLE "posts" ("id" INTEGER PRIMARY KEY AUTOINCREMENT NOT NULL, "name" varchar(255), "title" varchar(255), "content" text, "created_at" datetime NOT NULL, "updated_at" datetime NOT NULL) 
  [1m[36m (0.1ms)[0m  [1mINSERT INTO "schema_migrations" ("version") VALUES ('20141210193300')[0m
  [1m[35m (0.6ms)[0m  commit transaction
  [1m[36m (0.1ms)[0m  [1mSELECT "schema_migrations"."version" FROM "schema_migrations" [0m


Started GET "/" for 127.0.0.1 at 2014-12-10 14:48:07 -0500
Connecting to database specified by database.yml
Processing by HomeController#index as HTML
  Rendered home/index.html.erb within layouts/application (3.4ms)
Warning. Error encountered while saving cache /Users/annamenaged/Documents/blog/tmp/cache/sass/36a5e0a966efa8953414fffccac422020aca3542/posts.css.scssc: can't dump anonymous class #<Class:0x007fbbd24f2d98>

Compiled posts.css  (3ms)  (pid 5922)
Warning. Error encountered while saving cache /Users/annamenaged/Documents/blog/tmp/cache/sass/36a5e0a966efa8953414fffccac422020aca3542/scaffolds.css.scssc: can't dump anonymous class #<Class:0x007fbbd24f2d98>

Compiled scaffolds.css  (8ms)  (pid 5922)
Compiled application.css  (18ms)  (pid 5922)
Compiled posts.js  (59ms)  (pid 5922)
Compiled application.js  (66ms)  (pid 5922)
Completed 200 OK in 148.7ms (Views: 148.3ms | ActiveRecord: 0.0ms)


Started GET "/assets/jquery_ujs.js?body=1" for 127.0.0.1 at 2014-12-10 14:48:08 -0500
Served asset /jquery_ujs.js - 304 Not Modified (4ms)


Started GET "/assets/home.css?body=1" for 127.0.0.1 at 2014-12-10 14:48:08 -0500
Served asset /home.css - 200 OK (1ms)


Started GET "/assets/jquery.js?body=1" for 127.0.0.1 at 2014-12-10 14:48:08 -0500
Served asset /jquery.js - 304 Not Modified (2ms)


Started GET "/assets/posts.css?body=1" for 127.0.0.1 at 2014-12-10 14:48:08 -0500
Served asset /posts.css - 200 OK (1ms)


Started GET "/assets/scaffolds.css?body=1" for 127.0.0.1 at 2014-12-10 14:48:08 -0500
Served asset /scaffolds.css - 200 OK (1ms)


Started GET "/assets/application.css?body=1" for 127.0.0.1 at 2014-12-10 14:48:08 -0500
Served asset /application.css - 304 Not Modified (3ms)


Started GET "/assets/home.js?body=1" for 127.0.0.1 at 2014-12-10 14:48:08 -0500
Served asset /home.js - 304 Not Modified (1ms)


Started GET "/assets/posts.js?body=1" for 127.0.0.1 at 2014-12-10 14:48:08 -0500
Served asset /posts.js - 200 OK (1ms)


Started GET "/assets/application.js?body=1" for 127.0.0.1 at 2014-12-10 14:48:08 -0500
Served asset /application.js - 304 Not Modified (4ms)


Started GET "/posts" for 127.0.0.1 at 2014-12-10 14:48:24 -0500
Processing by PostsController#index as HTML
  [1m[36mPost Load (0.1ms)[0m  [1mSELECT "posts".* FROM "posts" [0m
  Rendered posts/index.html.erb within layouts/application (1.2ms)
Completed 200 OK in 30.0ms (Views: 6.2ms | ActiveRecord: 0.9ms)


Started GET "/assets/application.css?body=1" for 127.0.0.1 at 2014-12-10 14:48:24 -0500
Served asset /application.css - 304 Not Modified (0ms)


Started GET "/assets/jquery_ujs.js?body=1" for 127.0.0.1 at 2014-12-10 14:48:24 -0500
Served asset /jquery_ujs.js - 304 Not Modified (0ms)


Started GET "/assets/jquery.js?body=1" for 127.0.0.1 at 2014-12-10 14:48:24 -0500
Served asset /jquery.js - 304 Not Modified (0ms)


Started GET "/assets/home.js?body=1" for 127.0.0.1 at 2014-12-10 14:48:24 -0500
Served asset /home.js - 304 Not Modified (0ms)


Started GET "/assets/application.js?body=1" for 127.0.0.1 at 2014-12-10 14:48:24 -0500
Served asset /application.js - 304 Not Modified (0ms)
Connecting to database specified by database.yml


Started GET "/posts" for 127.0.0.1 at 2014-12-10 15:04:59 -0500
Connecting to database specified by database.yml

SyntaxError (/Users/annamenaged/Documents/blog/app/models/post.rb:6: syntax error, unexpected tSYMBEG, expecting '('
										:length => {:minimum => 5}
										 ^):
  app/controllers/posts_controller.rb:1:in `<top (required)>'


  Rendered /Library/Ruby/Gems/2.0.0/gems/actionpack-3.2.19/lib/action_dispatch/middleware/templates/rescues/_trace.erb (1.5ms)
  Rendered /Library/Ruby/Gems/2.0.0/gems/actionpack-3.2.19/lib/action_dispatch/middleware/templates/rescues/_request_and_response.erb (1.8ms)
  Rendered /Library/Ruby/Gems/2.0.0/gems/actionpack-3.2.19/lib/action_dispatch/middleware/templates/rescues/diagnostics.erb within rescues/layout (11.9ms)


Started GET "/posts" for 127.0.0.1 at 2014-12-10 15:05:03 -0500
Processing by PostsController#index as HTML
  Rendered posts/index.html.erb within layouts/application (3.9ms)
Completed 500 Internal Server Error in 5.7ms

ActionView::Template::Error (undefined method `each' for nil:NilClass):
    10:     <th></th>
    11:   </tr>
    12: 
    13: <% @posts.each do |post| %>
    14:   <tr>
    15:     <td><%= post.name %></td>
    16:     <td><%= post.title %></td>
  app/views/posts/index.html.erb:13:in `_app_views_posts_index_html_erb___636483410137347896_70263945894040'


  Rendered /Library/Ruby/Gems/2.0.0/gems/actionpack-3.2.19/lib/action_dispatch/middleware/templates/rescues/_trace.erb (1.0ms)
  Rendered /Library/Ruby/Gems/2.0.0/gems/actionpack-3.2.19/lib/action_dispatch/middleware/templates/rescues/_request_and_response.erb (0.9ms)
  Rendered /Library/Ruby/Gems/2.0.0/gems/actionpack-3.2.19/lib/action_dispatch/middleware/templates/rescues/template_error.erb within rescues/layout (35.2ms)


Started GET "/" for 127.0.0.1 at 2014-12-10 15:05:14 -0500
Processing by HomeController#index as HTML
  Rendered home/index.html.erb within layouts/application (0.7ms)
Completed 200 OK in 14.3ms (Views: 13.9ms | ActiveRecord: 0.0ms)


Started GET "/assets/posts.css?body=1" for 127.0.0.1 at 2014-12-10 15:05:14 -0500
Served asset /posts.css - 200 OK (2ms)


Started GET "/assets/jquery_ujs.js?body=1" for 127.0.0.1 at 2014-12-10 15:05:14 -0500
Served asset /jquery_ujs.js - 304 Not Modified (1ms)


Started GET "/assets/application.css?body=1" for 127.0.0.1 at 2014-12-10 15:05:14 -0500
Served asset /application.css - 304 Not Modified (3ms)


Started GET "/assets/scaffolds.css?body=1" for 127.0.0.1 at 2014-12-10 15:05:14 -0500
Served asset /scaffolds.css - 304 Not Modified (3ms)


Started GET "/assets/home.css?body=1" for 127.0.0.1 at 2014-12-10 15:05:14 -0500
Served asset /home.css - 200 OK (1ms)


Started GET "/assets/jquery.js?body=1" for 127.0.0.1 at 2014-12-10 15:05:14 -0500
Served asset /jquery.js - 304 Not Modified (1ms)


Started GET "/assets/home.js?body=1" for 127.0.0.1 at 2014-12-10 15:05:14 -0500
Served asset /home.js - 304 Not Modified (2ms)


Started GET "/assets/posts.js?body=1" for 127.0.0.1 at 2014-12-10 15:05:14 -0500
Served asset /posts.js - 304 Not Modified (1ms)


Started GET "/assets/application.js?body=1" for 127.0.0.1 at 2014-12-10 15:05:14 -0500
Served asset /application.js - 304 Not Modified (4ms)


Started GET "/" for 127.0.0.1 at 2014-12-10 15:05:14 -0500
Processing by HomeController#index as HTML
  Rendered home/index.html.erb within layouts/application (0.5ms)
Completed 200 OK in 7.5ms (Views: 7.2ms | ActiveRecord: 0.0ms)


Started GET "/assets/home.css?body=1" for 127.0.0.1 at 2014-12-10 15:05:14 -0500
Served asset /home.css - 304 Not Modified (0ms)


Started GET "/assets/application.css?body=1" for 127.0.0.1 at 2014-12-10 15:05:14 -0500
Served asset /application.css - 304 Not Modified (0ms)


Started GET "/assets/posts.css?body=1" for 127.0.0.1 at 2014-12-10 15:05:15 -0500
Served asset /posts.css - 304 Not Modified (0ms)


Started GET "/assets/jquery.js?body=1" for 127.0.0.1 at 2014-12-10 15:05:15 -0500
Served asset /jquery.js - 304 Not Modified (0ms)


Started GET "/assets/home.js?body=1" for 127.0.0.1 at 2014-12-10 15:05:15 -0500
Served asset /home.js - 304 Not Modified (0ms)


Started GET "/assets/jquery_ujs.js?body=1" for 127.0.0.1 at 2014-12-10 15:05:15 -0500
Served asset /jquery_ujs.js - 304 Not Modified (0ms)


Started GET "/assets/scaffolds.css?body=1" for 127.0.0.1 at 2014-12-10 15:05:15 -0500
Served asset /scaffolds.css - 304 Not Modified (0ms)


Started GET "/assets/posts.js?body=1" for 127.0.0.1 at 2014-12-10 15:05:15 -0500
Served asset /posts.js - 304 Not Modified (0ms)


Started GET "/assets/application.js?body=1" for 127.0.0.1 at 2014-12-10 15:05:15 -0500
Served asset /application.js - 304 Not Modified (0ms)


Started GET "/posts" for 127.0.0.1 at 2014-12-10 15:05:16 -0500
Processing by PostsController#index as HTML
  Rendered posts/index.html.erb within layouts/application (0.6ms)
Completed 500 Internal Server Error in 1.6ms

ActionView::Template::Error (undefined method `each' for nil:NilClass):
    10:     <th></th>
    11:   </tr>
    12: 
    13: <% @posts.each do |post| %>
    14:   <tr>
    15:     <td><%= post.name %></td>
    16:     <td><%= post.title %></td>
  app/views/posts/index.html.erb:13:in `_app_views_posts_index_html_erb___636483410137347896_70263945894040'


  Rendered /Library/Ruby/Gems/2.0.0/gems/actionpack-3.2.19/lib/action_dispatch/middleware/templates/rescues/_trace.erb (1.0ms)
  Rendered /Library/Ruby/Gems/2.0.0/gems/actionpack-3.2.19/lib/action_dispatch/middleware/templates/rescues/_request_and_response.erb (0.7ms)
  Rendered /Library/Ruby/Gems/2.0.0/gems/actionpack-3.2.19/lib/action_dispatch/middleware/templates/rescues/template_error.erb within rescues/layout (7.3ms)
Connecting to database specified by database.yml


Started GET "/" for 127.0.0.1 at 2014-12-10 15:09:32 -0500
Connecting to database specified by database.yml
Processing by HomeController#index as HTML
  Rendered home/index.html.erb within layouts/application (1.4ms)
Completed 200 OK in 44.8ms (Views: 44.4ms | ActiveRecord: 0.0ms)


Started GET "/" for 127.0.0.1 at 2014-12-10 15:09:32 -0500
Processing by HomeController#index as HTML
  Rendered home/index.html.erb within layouts/application (0.4ms)
Completed 200 OK in 6.0ms (Views: 5.8ms | ActiveRecord: 0.0ms)


Started GET "/assets/application.css?body=1" for 127.0.0.1 at 2014-12-10 15:09:32 -0500
Served asset /application.css - 304 Not Modified (3ms)


Started GET "/assets/posts.css?body=1" for 127.0.0.1 at 2014-12-10 15:09:32 -0500
Served asset /posts.css - 304 Not Modified (2ms)


Started GET "/assets/scaffolds.css?body=1" for 127.0.0.1 at 2014-12-10 15:09:32 -0500
Served asset /scaffolds.css - 304 Not Modified (4ms)


Started GET "/assets/jquery_ujs.js?body=1" for 127.0.0.1 at 2014-12-10 15:09:32 -0500
Served asset /jquery_ujs.js - 304 Not Modified (1ms)


Started GET "/assets/jquery.js?body=1" for 127.0.0.1 at 2014-12-10 15:09:32 -0500
Served asset /jquery.js - 304 Not Modified (32ms)


Started GET "/assets/home.css?body=1" for 127.0.0.1 at 2014-12-10 15:09:33 -0500
Served asset /home.css - 304 Not Modified (1ms)


Started GET "/assets/home.js?body=1" for 127.0.0.1 at 2014-12-10 15:09:33 -0500
Served asset /home.js - 304 Not Modified (2ms)


Started GET "/assets/posts.js?body=1" for 127.0.0.1 at 2014-12-10 15:09:33 -0500
Served asset /posts.js - 304 Not Modified (2ms)


Started GET "/assets/application.js?body=1" for 127.0.0.1 at 2014-12-10 15:09:33 -0500
Served asset /application.js - 304 Not Modified (4ms)


Started GET "/posts" for 127.0.0.1 at 2014-12-10 15:09:34 -0500

ArgumentError (Unknown validator: 'PostValidator'):
  app/models/post.rb:4:in `<class:Post>'
  app/models/post.rb:1:in `<top (required)>'
  app/controllers/posts_controller.rb:1:in `<top (required)>'


  Rendered /Library/Ruby/Gems/2.0.0/gems/actionpack-3.2.19/lib/action_dispatch/middleware/templates/rescues/_trace.erb (1.0ms)
  Rendered /Library/Ruby/Gems/2.0.0/gems/actionpack-3.2.19/lib/action_dispatch/middleware/templates/rescues/_request_and_response.erb (0.8ms)
  Rendered /Library/Ruby/Gems/2.0.0/gems/actionpack-3.2.19/lib/action_dispatch/middleware/templates/rescues/diagnostics.erb within rescues/layout (6.6ms)
Connecting to database specified by database.yml
Connecting to database specified by database.yml
Connecting to database specified by database.yml


Started GET "/posts.json" for 127.0.0.1 at 2014-12-10 15:13:14 -0500
Connecting to database specified by database.yml

ArgumentError (Unknown validator: 'PostValidator'):
  app/models/post.rb:4:in `<class:Post>'
  app/models/post.rb:1:in `<top (required)>'
  app/controllers/posts_controller.rb:1:in `<top (required)>'


  Rendered /Library/Ruby/Gems/2.0.0/gems/actionpack-3.2.19/lib/action_dispatch/middleware/templates/rescues/_trace.erb (1.0ms)
  Rendered /Library/Ruby/Gems/2.0.0/gems/actionpack-3.2.19/lib/action_dispatch/middleware/templates/rescues/_request_and_response.erb (1.4ms)
  Rendered /Library/Ruby/Gems/2.0.0/gems/actionpack-3.2.19/lib/action_dispatch/middleware/templates/rescues/diagnostics.erb within rescues/layout (7.9ms)


Started GET "/posts.json" for 127.0.0.1 at 2014-12-10 15:13:32 -0500
Processing by PostsController#index as JSON
Completed 500 Internal Server Error in 2.4ms

ActionView::MissingTemplate (Missing template posts/index, application/index with {:locale=>[:en], :formats=>[:json], :handlers=>[:erb, :builder, :coffee]}. Searched in:
  * "/Users/annamenaged/Documents/blog/app/views"
):
  actionpack (3.2.19) lib/action_view/path_set.rb:58:in `find'
  actionpack (3.2.19) lib/action_view/lookup_context.rb:122:in `find'
  actionpack (3.2.19) lib/action_view/renderer/abstract_renderer.rb:3:in `find_template'
  actionpack (3.2.19) lib/action_view/renderer/template_renderer.rb:34:in `determine_template'
  actionpack (3.2.19) lib/action_view/renderer/template_renderer.rb:10:in `render'
  actionpack (3.2.19) lib/action_view/renderer/renderer.rb:36:in `render_template'
  actionpack (3.2.19) lib/action_view/renderer/renderer.rb:17:in `render'
  actionpack (3.2.19) lib/abstract_controller/rendering.rb:110:in `_render_template'
  actionpack (3.2.19) lib/action_controller/metal/streaming.rb:225:in `_render_template'
  actionpack (3.2.19) lib/abstract_controller/rendering.rb:103:in `render_to_body'
  actionpack (3.2.19) lib/action_controller/metal/renderers.rb:28:in `render_to_body'
  actionpack (3.2.19) lib/action_controller/metal/compatibility.rb:50:in `render_to_body'
  actionpack (3.2.19) lib/abstract_controller/rendering.rb:88:in `render'
  actionpack (3.2.19) lib/action_controller/metal/rendering.rb:16:in `render'
  actionpack (3.2.19) lib/action_controller/metal/instrumentation.rb:40:in `block (2 levels) in render'
  activesupport (3.2.19) lib/active_support/core_ext/benchmark.rb:5:in `block in ms'
  /System/Library/Frameworks/Ruby.framework/Versions/2.0/usr/lib/ruby/2.0.0/benchmark.rb:296:in `realtime'
  activesupport (3.2.19) lib/active_support/core_ext/benchmark.rb:5:in `ms'
  actionpack (3.2.19) lib/action_controller/metal/instrumentation.rb:40:in `block in render'
  actionpack (3.2.19) lib/action_controller/metal/instrumentation.rb:83:in `cleanup_view_runtime'
  activerecord (3.2.19) lib/active_record/railties/controller_runtime.rb:24:in `cleanup_view_runtime'
  actionpack (3.2.19) lib/action_controller/metal/instrumentation.rb:39:in `render'
  actionpack (3.2.19) lib/action_controller/metal/implicit_render.rb:10:in `default_render'
  actionpack (3.2.19) lib/action_controller/metal/implicit_render.rb:4:in `send_action'
  actionpack (3.2.19) lib/abstract_controller/base.rb:167:in `process_action'
  actionpack (3.2.19) lib/action_controller/metal/rendering.rb:10:in `process_action'
  actionpack (3.2.19) lib/abstract_controller/callbacks.rb:18:in `block in process_action'
  activesupport (3.2.19) lib/active_support/callbacks.rb:414:in `_run__3623887874462388033__process_action__1329437999745410765__callbacks'
  activesupport (3.2.19) lib/active_support/callbacks.rb:405:in `__run_callback'
  activesupport (3.2.19) lib/active_support/callbacks.rb:385:in `_run_process_action_callbacks'
  activesupport (3.2.19) lib/active_support/callbacks.rb:81:in `run_callbacks'
  actionpack (3.2.19) lib/abstract_controller/callbacks.rb:17:in `process_action'
  actionpack (3.2.19) lib/action_controller/metal/rescue.rb:29:in `process_action'
  actionpack (3.2.19) lib/action_controller/metal/instrumentation.rb:30:in `block in process_action'
  activesupport (3.2.19) lib/active_support/notifications.rb:123:in `block in instrument'
  activesupport (3.2.19) lib/active_support/notifications/instrumenter.rb:20:in `instrument'
  activesupport (3.2.19) lib/active_support/notifications.rb:123:in `instrument'
  actionpack (3.2.19) lib/action_controller/metal/instrumentation.rb:29:in `process_action'
  actionpack (3.2.19) lib/action_controller/metal/params_wrapper.rb:207:in `process_action'
  activerecord (3.2.19) lib/active_record/railties/controller_runtime.rb:18:in `process_action'
  actionpack (3.2.19) lib/abstract_controller/base.rb:121:in `process'
  actionpack (3.2.19) lib/abstract_controller/rendering.rb:45:in `process'
  actionpack (3.2.19) lib/action_controller/metal.rb:203:in `dispatch'
  actionpack (3.2.19) lib/action_controller/metal/rack_delegation.rb:14:in `dispatch'
  actionpack (3.2.19) lib/action_controller/metal.rb:246:in `block in action'
  actionpack (3.2.19) lib/action_dispatch/routing/route_set.rb:73:in `call'
  actionpack (3.2.19) lib/action_dispatch/routing/route_set.rb:73:in `dispatch'
  actionpack (3.2.19) lib/action_dispatch/routing/route_set.rb:36:in `call'
  journey (1.0.4) lib/journey/router.rb:68:in `block in call'
  journey (1.0.4) lib/journey/router.rb:56:in `each'
  journey (1.0.4) lib/journey/router.rb:56:in `call'
  actionpack (3.2.19) lib/action_dispatch/routing/route_set.rb:608:in `call'
  actionpack (3.2.19) lib/action_dispatch/middleware/best_standards_support.rb:17:in `call'
  rack (1.4.5) lib/rack/etag.rb:23:in `call'
  rack (1.4.5) lib/rack/conditionalget.rb:25:in `call'
  actionpack (3.2.19) lib/action_dispatch/middleware/head.rb:14:in `call'
  actionpack (3.2.19) lib/action_dispatch/middleware/params_parser.rb:21:in `call'
  actionpack (3.2.19) lib/action_dispatch/middleware/flash.rb:242:in `call'
  rack (1.4.5) lib/rack/session/abstract/id.rb:210:in `context'
  rack (1.4.5) lib/rack/session/abstract/id.rb:205:in `call'
  actionpack (3.2.19) lib/action_dispatch/middleware/cookies.rb:341:in `call'
  activerecord (3.2.19) lib/active_record/query_cache.rb:64:in `call'
  activerecord (3.2.19) lib/active_record/connection_adapters/abstract/connection_pool.rb:479:in `call'
  actionpack (3.2.19) lib/action_dispatch/middleware/callbacks.rb:28:in `block in call'
  activesupport (3.2.19) lib/active_support/callbacks.rb:405:in `_run__3537690993009858791__call__3520839168787779287__callbacks'
  activesupport (3.2.19) lib/active_support/callbacks.rb:405:in `__run_callback'
  activesupport (3.2.19) lib/active_support/callbacks.rb:385:in `_run_call_callbacks'
  activesupport (3.2.19) lib/active_support/callbacks.rb:81:in `run_callbacks'
  actionpack (3.2.19) lib/action_dispatch/middleware/callbacks.rb:27:in `call'
  actionpack (3.2.19) lib/action_dispatch/middleware/reloader.rb:65:in `call'
  actionpack (3.2.19) lib/action_dispatch/middleware/remote_ip.rb:31:in `call'
  actionpack (3.2.19) lib/action_dispatch/middleware/debug_exceptions.rb:16:in `call'
  actionpack (3.2.19) lib/action_dispatch/middleware/show_exceptions.rb:56:in `call'
  railties (3.2.19) lib/rails/rack/logger.rb:32:in `call_app'
  railties (3.2.19) lib/rails/rack/logger.rb:16:in `block in call'
  activesupport (3.2.19) lib/active_support/tagged_logging.rb:22:in `tagged'
  railties (3.2.19) lib/rails/rack/logger.rb:16:in `call'
  actionpack (3.2.19) lib/action_dispatch/middleware/request_id.rb:22:in `call'
  rack (1.4.5) lib/rack/methodoverride.rb:21:in `call'
  rack (1.4.5) lib/rack/runtime.rb:17:in `call'
  activesupport (3.2.19) lib/active_support/cache/strategy/local_cache.rb:72:in `call'
  rack (1.4.5) lib/rack/lock.rb:15:in `call'
  actionpack (3.2.19) lib/action_dispatch/middleware/static.rb:63:in `call'
  railties (3.2.19) lib/rails/engine.rb:484:in `call'
  railties (3.2.19) lib/rails/application.rb:231:in `call'
  rack (1.4.5) lib/rack/content_length.rb:14:in `call'
  railties (3.2.19) lib/rails/rack/log_tailer.rb:17:in `call'
  rack (1.4.5) lib/rack/handler/webrick.rb:59:in `service'
  /System/Library/Frameworks/Ruby.framework/Versions/2.0/usr/lib/ruby/2.0.0/webrick/httpserver.rb:138:in `service'
  /System/Library/Frameworks/Ruby.framework/Versions/2.0/usr/lib/ruby/2.0.0/webrick/httpserver.rb:94:in `run'
  /System/Library/Frameworks/Ruby.framework/Versions/2.0/usr/lib/ruby/2.0.0/webrick/server.rb:295:in `block in start_thread'


  Rendered /Library/Ruby/Gems/2.0.0/gems/actionpack-3.2.19/lib/action_dispatch/middleware/templates/rescues/missing_template.erb within rescues/layout (0.9ms)


Started GET "/posts.json" for 127.0.0.1 at 2014-12-10 15:14:26 -0500
Processing by PostsController#index as JSON
Completed 500 Internal Server Error in 1.0ms

ActionView::MissingTemplate (Missing template posts/index, application/index with {:locale=>[:en], :formats=>[:json], :handlers=>[:erb, :builder, :coffee]}. Searched in:
  * "/Users/annamenaged/Documents/blog/app/views"
):
  actionpack (3.2.19) lib/action_view/path_set.rb:58:in `find'
  actionpack (3.2.19) lib/action_view/lookup_context.rb:122:in `find'
  actionpack (3.2.19) lib/action_view/renderer/abstract_renderer.rb:3:in `find_template'
  actionpack (3.2.19) lib/action_view/renderer/template_renderer.rb:34:in `determine_template'
  actionpack (3.2.19) lib/action_view/renderer/template_renderer.rb:10:in `render'
  actionpack (3.2.19) lib/action_view/renderer/renderer.rb:36:in `render_template'
  actionpack (3.2.19) lib/action_view/renderer/renderer.rb:17:in `render'
  actionpack (3.2.19) lib/abstract_controller/rendering.rb:110:in `_render_template'
  actionpack (3.2.19) lib/action_controller/metal/streaming.rb:225:in `_render_template'
  actionpack (3.2.19) lib/abstract_controller/rendering.rb:103:in `render_to_body'
  actionpack (3.2.19) lib/action_controller/metal/renderers.rb:28:in `render_to_body'
  actionpack (3.2.19) lib/action_controller/metal/compatibility.rb:50:in `render_to_body'
  actionpack (3.2.19) lib/abstract_controller/rendering.rb:88:in `render'
  actionpack (3.2.19) lib/action_controller/metal/rendering.rb:16:in `render'
  actionpack (3.2.19) lib/action_controller/metal/instrumentation.rb:40:in `block (2 levels) in render'
  activesupport (3.2.19) lib/active_support/core_ext/benchmark.rb:5:in `block in ms'
  /System/Library/Frameworks/Ruby.framework/Versions/2.0/usr/lib/ruby/2.0.0/benchmark.rb:296:in `realtime'
  activesupport (3.2.19) lib/active_support/core_ext/benchmark.rb:5:in `ms'
  actionpack (3.2.19) lib/action_controller/metal/instrumentation.rb:40:in `block in render'
  actionpack (3.2.19) lib/action_controller/metal/instrumentation.rb:83:in `cleanup_view_runtime'
  activerecord (3.2.19) lib/active_record/railties/controller_runtime.rb:24:in `cleanup_view_runtime'
  actionpack (3.2.19) lib/action_controller/metal/instrumentation.rb:39:in `render'
  actionpack (3.2.19) lib/action_controller/metal/implicit_render.rb:10:in `default_render'
  actionpack (3.2.19) lib/action_controller/metal/implicit_render.rb:4:in `send_action'
  actionpack (3.2.19) lib/abstract_controller/base.rb:167:in `process_action'
  actionpack (3.2.19) lib/action_controller/metal/rendering.rb:10:in `process_action'
  actionpack (3.2.19) lib/abstract_controller/callbacks.rb:18:in `block in process_action'
  activesupport (3.2.19) lib/active_support/callbacks.rb:414:in `_run__3623887874462388033__process_action__1329437999745410765__callbacks'
  activesupport (3.2.19) lib/active_support/callbacks.rb:405:in `__run_callback'
  activesupport (3.2.19) lib/active_support/callbacks.rb:385:in `_run_process_action_callbacks'
  activesupport (3.2.19) lib/active_support/callbacks.rb:81:in `run_callbacks'
  actionpack (3.2.19) lib/abstract_controller/callbacks.rb:17:in `process_action'
  actionpack (3.2.19) lib/action_controller/metal/rescue.rb:29:in `process_action'
  actionpack (3.2.19) lib/action_controller/metal/instrumentation.rb:30:in `block in process_action'
  activesupport (3.2.19) lib/active_support/notifications.rb:123:in `block in instrument'
  activesupport (3.2.19) lib/active_support/notifications/instrumenter.rb:20:in `instrument'
  activesupport (3.2.19) lib/active_support/notifications.rb:123:in `instrument'
  actionpack (3.2.19) lib/action_controller/metal/instrumentation.rb:29:in `process_action'
  actionpack (3.2.19) lib/action_controller/metal/params_wrapper.rb:207:in `process_action'
  activerecord (3.2.19) lib/active_record/railties/controller_runtime.rb:18:in `process_action'
  actionpack (3.2.19) lib/abstract_controller/base.rb:121:in `process'
  actionpack (3.2.19) lib/abstract_controller/rendering.rb:45:in `process'
  actionpack (3.2.19) lib/action_controller/metal.rb:203:in `dispatch'
  actionpack (3.2.19) lib/action_controller/metal/rack_delegation.rb:14:in `dispatch'
  actionpack (3.2.19) lib/action_controller/metal.rb:246:in `block in action'
  actionpack (3.2.19) lib/action_dispatch/routing/route_set.rb:73:in `call'
  actionpack (3.2.19) lib/action_dispatch/routing/route_set.rb:73:in `dispatch'
  actionpack (3.2.19) lib/action_dispatch/routing/route_set.rb:36:in `call'
  journey (1.0.4) lib/journey/router.rb:68:in `block in call'
  journey (1.0.4) lib/journey/router.rb:56:in `each'
  journey (1.0.4) lib/journey/router.rb:56:in `call'
  actionpack (3.2.19) lib/action_dispatch/routing/route_set.rb:608:in `call'
  actionpack (3.2.19) lib/action_dispatch/middleware/best_standards_support.rb:17:in `call'
  rack (1.4.5) lib/rack/etag.rb:23:in `call'
  rack (1.4.5) lib/rack/conditionalget.rb:25:in `call'
  actionpack (3.2.19) lib/action_dispatch/middleware/head.rb:14:in `call'
  actionpack (3.2.19) lib/action_dispatch/middleware/params_parser.rb:21:in `call'
  actionpack (3.2.19) lib/action_dispatch/middleware/flash.rb:242:in `call'
  rack (1.4.5) lib/rack/session/abstract/id.rb:210:in `context'
  rack (1.4.5) lib/rack/session/abstract/id.rb:205:in `call'
  actionpack (3.2.19) lib/action_dispatch/middleware/cookies.rb:341:in `call'
  activerecord (3.2.19) lib/active_record/query_cache.rb:64:in `call'
  activerecord (3.2.19) lib/active_record/connection_adapters/abstract/connection_pool.rb:479:in `call'
  actionpack (3.2.19) lib/action_dispatch/middleware/callbacks.rb:28:in `block in call'
  activesupport (3.2.19) lib/active_support/callbacks.rb:405:in `_run__3537690993009858791__call__3520839168787779287__callbacks'
  activesupport (3.2.19) lib/active_support/callbacks.rb:405:in `__run_callback'
  activesupport (3.2.19) lib/active_support/callbacks.rb:385:in `_run_call_callbacks'
  activesupport (3.2.19) lib/active_support/callbacks.rb:81:in `run_callbacks'
  actionpack (3.2.19) lib/action_dispatch/middleware/callbacks.rb:27:in `call'
  actionpack (3.2.19) lib/action_dispatch/middleware/reloader.rb:65:in `call'
  actionpack (3.2.19) lib/action_dispatch/middleware/remote_ip.rb:31:in `call'
  actionpack (3.2.19) lib/action_dispatch/middleware/debug_exceptions.rb:16:in `call'
  actionpack (3.2.19) lib/action_dispatch/middleware/show_exceptions.rb:56:in `call'
  railties (3.2.19) lib/rails/rack/logger.rb:32:in `call_app'
  railties (3.2.19) lib/rails/rack/logger.rb:16:in `block in call'
  activesupport (3.2.19) lib/active_support/tagged_logging.rb:22:in `tagged'
  railties (3.2.19) lib/rails/rack/logger.rb:16:in `call'
  actionpack (3.2.19) lib/action_dispatch/middleware/request_id.rb:22:in `call'
  rack (1.4.5) lib/rack/methodoverride.rb:21:in `call'
  rack (1.4.5) lib/rack/runtime.rb:17:in `call'
  activesupport (3.2.19) lib/active_support/cache/strategy/local_cache.rb:72:in `call'
  rack (1.4.5) lib/rack/lock.rb:15:in `call'
  actionpack (3.2.19) lib/action_dispatch/middleware/static.rb:63:in `call'
  railties (3.2.19) lib/rails/engine.rb:484:in `call'
  railties (3.2.19) lib/rails/application.rb:231:in `call'
  rack (1.4.5) lib/rack/content_length.rb:14:in `call'
  railties (3.2.19) lib/rails/rack/log_tailer.rb:17:in `call'
  rack (1.4.5) lib/rack/handler/webrick.rb:59:in `service'
  /System/Library/Frameworks/Ruby.framework/Versions/2.0/usr/lib/ruby/2.0.0/webrick/httpserver.rb:138:in `service'
  /System/Library/Frameworks/Ruby.framework/Versions/2.0/usr/lib/ruby/2.0.0/webrick/httpserver.rb:94:in `run'
  /System/Library/Frameworks/Ruby.framework/Versions/2.0/usr/lib/ruby/2.0.0/webrick/server.rb:295:in `block in start_thread'


  Rendered /Library/Ruby/Gems/2.0.0/gems/actionpack-3.2.19/lib/action_dispatch/middleware/templates/rescues/missing_template.erb within rescues/layout (0.4ms)


Started GET "/posts" for 127.0.0.1 at 2014-12-10 15:18:54 -0500
Processing by PostsController#index as HTML
  Rendered posts/index.html.erb within layouts/application (1.0ms)
Completed 500 Internal Server Error in 2.0ms

ActionView::Template::Error (undefined method `each' for nil:NilClass):
    10:     <th></th>
    11:   </tr>
    12: 
    13: <% @posts.each do |post| %>
    14:   <tr>
    15:     <td><%= post.name %></td>
    16:     <td><%= post.title %></td>
  app/views/posts/index.html.erb:13:in `_app_views_posts_index_html_erb__3343361064279261982_70141144618080'


  Rendered /Library/Ruby/Gems/2.0.0/gems/actionpack-3.2.19/lib/action_dispatch/middleware/templates/rescues/_trace.erb (1.0ms)
  Rendered /Library/Ruby/Gems/2.0.0/gems/actionpack-3.2.19/lib/action_dispatch/middleware/templates/rescues/_request_and_response.erb (0.7ms)
  Rendered /Library/Ruby/Gems/2.0.0/gems/actionpack-3.2.19/lib/action_dispatch/middleware/templates/rescues/template_error.erb within rescues/layout (6.4ms)


Started GET "/assets/posts.css?body=1" for 127.0.0.1 at 2014-12-10 15:18:59 -0500
Served asset /posts.css - 200 OK (2ms)


Started GET "/assets/home.css?body=1" for 127.0.0.1 at 2014-12-10 15:18:59 -0500
Served asset /home.css - 200 OK (1ms)


Started GET "/assets/jquery.js?body=1" for 127.0.0.1 at 2014-12-10 15:18:59 -0500
Served asset /jquery.js - 200 OK (1ms)


Started GET "/posts" for 127.0.0.1 at 2014-12-10 15:19:03 -0500
Processing by PostsController#index as HTML
  Rendered posts/index.html.erb within layouts/application (0.5ms)
Completed 500 Internal Server Error in 1.6ms

ActionView::Template::Error (undefined method `each' for nil:NilClass):
    10:     <th></th>
    11:   </tr>
    12: 
    13: <% @posts.each do |post| %>
    14:   <tr>
    15:     <td><%= post.name %></td>
    16:     <td><%= post.title %></td>
  app/views/posts/index.html.erb:13:in `_app_views_posts_index_html_erb__3343361064279261982_70141144618080'


  Rendered /Library/Ruby/Gems/2.0.0/gems/actionpack-3.2.19/lib/action_dispatch/middleware/templates/rescues/_trace.erb (1.0ms)
  Rendered /Library/Ruby/Gems/2.0.0/gems/actionpack-3.2.19/lib/action_dispatch/middleware/templates/rescues/_request_and_response.erb (0.7ms)
  Rendered /Library/Ruby/Gems/2.0.0/gems/actionpack-3.2.19/lib/action_dispatch/middleware/templates/rescues/template_error.erb within rescues/layout (6.5ms)


Started GET "/" for 127.0.0.1 at 2014-12-10 15:19:06 -0500
Processing by HomeController#index as HTML
  Rendered home/index.html.erb within layouts/application (0.7ms)
Completed 200 OK in 13.1ms (Views: 12.7ms | ActiveRecord: 0.0ms)


Started GET "/assets/home.css?body=1" for 127.0.0.1 at 2014-12-10 15:19:06 -0500
Served asset /home.css - 200 OK (0ms)


Started GET "/assets/posts.css?body=1" for 127.0.0.1 at 2014-12-10 15:19:06 -0500
Served asset /posts.css - 200 OK (0ms)


Started GET "/assets/application.css?body=1" for 127.0.0.1 at 2014-12-10 15:19:06 -0500
Served asset /application.css - 304 Not Modified (3ms)


Started GET "/assets/home.js?body=1" for 127.0.0.1 at 2014-12-10 15:19:06 -0500
Served asset /home.js - 304 Not Modified (1ms)


Started GET "/assets/jquery.js?body=1" for 127.0.0.1 at 2014-12-10 15:19:06 -0500
Served asset /jquery.js - 304 Not Modified (0ms)


Started GET "/assets/jquery_ujs.js?body=1" for 127.0.0.1 at 2014-12-10 15:19:06 -0500
Served asset /jquery_ujs.js - 304 Not Modified (1ms)


Started GET "/assets/scaffolds.css?body=1" for 127.0.0.1 at 2014-12-10 15:19:06 -0500
Served asset /scaffolds.css - 304 Not Modified (1ms)


Started GET "/" for 127.0.0.1 at 2014-12-10 15:19:06 -0500
Processing by HomeController#index as HTML
  Rendered home/index.html.erb within layouts/application (0.3ms)
Completed 200 OK in 4.6ms (Views: 4.4ms | ActiveRecord: 0.0ms)


Started GET "/assets/home.js?body=1" for 127.0.0.1 at 2014-12-10 15:19:06 -0500
Served asset /home.js - 304 Not Modified (0ms)


Started GET "/assets/application.css?body=1" for 127.0.0.1 at 2014-12-10 15:19:06 -0500
Served asset /application.css - 304 Not Modified (0ms)


Started GET "/assets/posts.js?body=1" for 127.0.0.1 at 2014-12-10 15:19:06 -0500
Served asset /posts.js - 304 Not Modified (3ms)


Started GET "/assets/scaffolds.css?body=1" for 127.0.0.1 at 2014-12-10 15:19:06 -0500
Served asset /scaffolds.css - 304 Not Modified (0ms)


Started GET "/assets/application.js?body=1" for 127.0.0.1 at 2014-12-10 15:19:06 -0500
Served asset /application.js - 304 Not Modified (5ms)


Started GET "/posts" for 127.0.0.1 at 2014-12-10 15:19:08 -0500
Processing by PostsController#index as HTML
  Rendered posts/index.html.erb within layouts/application (0.6ms)
Completed 500 Internal Server Error in 1.6ms

ActionView::Template::Error (undefined method `each' for nil:NilClass):
    10:     <th></th>
    11:   </tr>
    12: 
    13: <% @posts.each do |post| %>
    14:   <tr>
    15:     <td><%= post.name %></td>
    16:     <td><%= post.title %></td>
  app/views/posts/index.html.erb:13:in `_app_views_posts_index_html_erb__3343361064279261982_70141144618080'


  Rendered /Library/Ruby/Gems/2.0.0/gems/actionpack-3.2.19/lib/action_dispatch/middleware/templates/rescues/_trace.erb (1.1ms)
  Rendered /Library/Ruby/Gems/2.0.0/gems/actionpack-3.2.19/lib/action_dispatch/middleware/templates/rescues/_request_and_response.erb (0.8ms)
  Rendered /Library/Ruby/Gems/2.0.0/gems/actionpack-3.2.19/lib/action_dispatch/middleware/templates/rescues/template_error.erb within rescues/layout (6.5ms)


Started GET "/posts" for 127.0.0.1 at 2014-12-10 15:19:10 -0500
Processing by PostsController#index as HTML
  Rendered posts/index.html.erb within layouts/application (0.6ms)
Completed 500 Internal Server Error in 2.7ms

ActionView::Template::Error (undefined method `each' for nil:NilClass):
    10:     <th></th>
    11:   </tr>
    12: 
    13: <% @posts.each do |post| %>
    14:   <tr>
    15:     <td><%= post.name %></td>
    16:     <td><%= post.title %></td>
  app/views/posts/index.html.erb:13:in `_app_views_posts_index_html_erb__3343361064279261982_70141144618080'


  Rendered /Library/Ruby/Gems/2.0.0/gems/actionpack-3.2.19/lib/action_dispatch/middleware/templates/rescues/_trace.erb (1.0ms)
  Rendered /Library/Ruby/Gems/2.0.0/gems/actionpack-3.2.19/lib/action_dispatch/middleware/templates/rescues/_request_and_response.erb (23.2ms)
  Rendered /Library/Ruby/Gems/2.0.0/gems/actionpack-3.2.19/lib/action_dispatch/middleware/templates/rescues/template_error.erb within rescues/layout (29.5ms)


Started GET "/" for 127.0.0.1 at 2014-12-10 15:19:13 -0500
Processing by HomeController#index as HTML
  Rendered home/index.html.erb within layouts/application (0.3ms)
Completed 200 OK in 4.7ms (Views: 4.5ms | ActiveRecord: 0.0ms)


Started GET "/assets/application.css?body=1" for 127.0.0.1 at 2014-12-10 15:19:13 -0500
Served asset /application.css - 304 Not Modified (0ms)


Started GET "/assets/scaffolds.css?body=1" for 127.0.0.1 at 2014-12-10 15:19:13 -0500
Served asset /scaffolds.css - 304 Not Modified (0ms)


Started GET "/assets/posts.js?body=1" for 127.0.0.1 at 2014-12-10 15:19:13 -0500
Served asset /posts.js - 304 Not Modified (0ms)


Started GET "/assets/home.js?body=1" for 127.0.0.1 at 2014-12-10 15:19:13 -0500
Served asset /home.js - 304 Not Modified (0ms)


Started GET "/assets/application.js?body=1" for 127.0.0.1 at 2014-12-10 15:19:13 -0500
Served asset /application.js - 304 Not Modified (0ms)


Started GET "/posts" for 127.0.0.1 at 2014-12-10 15:19:19 -0500
Processing by PostsController#index as HTML
  Rendered posts/index.html.erb within layouts/application (0.6ms)
Completed 500 Internal Server Error in 1.8ms

ActionView::Template::Error (undefined method `each' for nil:NilClass):
    10:     <th></th>
    11:   </tr>
    12: 
    13: <% @posts.each do |post| %>
    14:   <tr>
    15:     <td><%= post.name %></td>
    16:     <td><%= post.title %></td>
  app/views/posts/index.html.erb:13:in `_app_views_posts_index_html_erb__3343361064279261982_70141144618080'


  Rendered /Library/Ruby/Gems/2.0.0/gems/actionpack-3.2.19/lib/action_dispatch/middleware/templates/rescues/_trace.erb (1.1ms)
  Rendered /Library/Ruby/Gems/2.0.0/gems/actionpack-3.2.19/lib/action_dispatch/middleware/templates/rescues/_request_and_response.erb (1.0ms)
  Rendered /Library/Ruby/Gems/2.0.0/gems/actionpack-3.2.19/lib/action_dispatch/middleware/templates/rescues/template_error.erb within rescues/layout (7.0ms)


Started GET "/posts" for 127.0.0.1 at 2014-12-10 15:19:56 -0500
Processing by PostsController#index as HTML
  Rendered posts/index.html.erb within layouts/application (0.5ms)
Completed 500 Internal Server Error in 2.0ms

ActionView::Template::Error (undefined method `each' for nil:NilClass):
    10:     <th></th>
    11:   </tr>
    12: 
    13: <% @posts.each do |post| %>
    14:   <tr>
    15:     <td><%= post.name %></td>
    16:     <td><%= post.title %></td>
  app/views/posts/index.html.erb:13:in `_app_views_posts_index_html_erb__3343361064279261982_70141144618080'


  Rendered /Library/Ruby/Gems/2.0.0/gems/actionpack-3.2.19/lib/action_dispatch/middleware/templates/rescues/_trace.erb (1.0ms)
  Rendered /Library/Ruby/Gems/2.0.0/gems/actionpack-3.2.19/lib/action_dispatch/middleware/templates/rescues/_request_and_response.erb (0.7ms)
  Rendered /Library/Ruby/Gems/2.0.0/gems/actionpack-3.2.19/lib/action_dispatch/middleware/templates/rescues/template_error.erb within rescues/layout (6.5ms)


Started GET "/posts/new" for 127.0.0.1 at 2014-12-10 15:20:11 -0500
Processing by PostsController#new as HTML
  Rendered posts/_form.html.erb (1.5ms)
  Rendered posts/new.html.erb within layouts/application (6.1ms)
Completed 500 Internal Server Error in 7.8ms

ActionView::Template::Error (undefined method `model_name' for NilClass:Class):
    1: <%= form_for(@post) do |f| %>
    2:   <% if @post.errors.any? %>
    3:     <div id="error_explanation">
    4:       <h2><%= pluralize(@post.errors.count, "error") %> prohibited this post from being saved:</h2>
  app/views/posts/_form.html.erb:1:in `_app_views_posts__form_html_erb__3135804865997614989_70141144519500'
  app/views/posts/new.html.erb:3:in `_app_views_posts_new_html_erb__1273294982042555714_70141127144920'


  Rendered /Library/Ruby/Gems/2.0.0/gems/actionpack-3.2.19/lib/action_dispatch/middleware/templates/rescues/_trace.erb (0.9ms)
  Rendered /Library/Ruby/Gems/2.0.0/gems/actionpack-3.2.19/lib/action_dispatch/middleware/templates/rescues/_request_and_response.erb (0.8ms)
  Rendered /Library/Ruby/Gems/2.0.0/gems/actionpack-3.2.19/lib/action_dispatch/middleware/templates/rescues/template_error.erb within rescues/layout (6.6ms)


Started GET "/posts" for 127.0.0.1 at 2014-12-10 15:20:17 -0500
Processing by PostsController#index as HTML
  Rendered posts/index.html.erb within layouts/application (0.5ms)
Completed 500 Internal Server Error in 1.4ms

ActionView::Template::Error (undefined method `each' for nil:NilClass):
    10:     <th></th>
    11:   </tr>
    12: 
    13: <% @posts.each do |post| %>
    14:   <tr>
    15:     <td><%= post.name %></td>
    16:     <td><%= post.title %></td>
  app/views/posts/index.html.erb:13:in `_app_views_posts_index_html_erb__3343361064279261982_70141144618080'


  Rendered /Library/Ruby/Gems/2.0.0/gems/actionpack-3.2.19/lib/action_dispatch/middleware/templates/rescues/_trace.erb (1.0ms)
  Rendered /Library/Ruby/Gems/2.0.0/gems/actionpack-3.2.19/lib/action_dispatch/middleware/templates/rescues/_request_and_response.erb (0.7ms)
  Rendered /Library/Ruby/Gems/2.0.0/gems/actionpack-3.2.19/lib/action_dispatch/middleware/templates/rescues/template_error.erb within rescues/layout (6.5ms)
Connecting to database specified by database.yml
